<?xml version="1.0" encoding="UTF-8"?>
<!-- Generated by org.testng.reporters.JUnitXMLReporter -->
<testsuite ignored="0" hostname="WPG02VB8L" failures="0" tests="4" name="Default test" time="63.169" errors="0" timestamp="2022-09-27T17:06:22 IST">
  <testcase classname="testng.HRMTestNG" name="employeeSearch" time="14.403"/>
  <testcase classname="testng.HRMTestNG" name="forgotPwd" time="15.263"/>
  <testcase classname="testng.HRMTestNG" name="leaveApp" time="19.497"/>
  <testcase classname="testng.HRMTestNG" name="login" time="13.967"/>
</testsuite> <!-- Default test -->
