<?xml version="1.0" encoding="UTF-8"?>
<testng-results ignored="0" total="3" passed="3" failed="0" skipped="0">
  <reporter-output>
  </reporter-output>
  <suite started-at="2022-09-27T15:19:35 IST" name="Default suite" finished-at="2022-09-27T15:19:35 IST" duration-ms="48">
    <groups>
      <group name="Regression">
        <method signature="Grps1.login()[pri:1, instance:testng.Grps1@69e1dd28]" name="login" class="testng.Grps1"/>
        <method signature="Grps1.sendMail()[pri:0, instance:testng.Grps1@69e1dd28]" name="sendMail" class="testng.Grps1"/>
      </group> <!-- Regression -->
      <group name="Smoke">
        <method signature="Grps1.sendMail()[pri:0, instance:testng.Grps1@69e1dd28]" name="sendMail" class="testng.Grps1"/>
        <method signature="Grps1.reg()[pri:0, instance:testng.Grps1@69e1dd28]" name="reg" class="testng.Grps1"/>
      </group> <!-- Smoke -->
    </groups>
    <test started-at="2022-09-27T15:19:35 IST" name="Default test" finished-at="2022-09-27T15:19:35 IST" duration-ms="48">
      <class name="testng.Grps1">
        <test-method signature="reg()[pri:0, instance:testng.Grps1@69e1dd28]" started-at="2022-09-27T15:19:35 IST" name="reg" finished-at="2022-09-27T15:19:35 IST" duration-ms="7" status="PASS">
          <reporter-output>
          </reporter-output>
        </test-method> <!-- reg -->
        <test-method signature="login()[pri:1, instance:testng.Grps1@69e1dd28]" started-at="2022-09-27T15:19:35 IST" name="login" finished-at="2022-09-27T15:19:35 IST" duration-ms="1" status="PASS">
          <reporter-output>
          </reporter-output>
        </test-method> <!-- login -->
        <test-method signature="sendMail()[pri:0, instance:testng.Grps1@69e1dd28]" started-at="2022-09-27T15:19:35 IST" name="sendMail" finished-at="2022-09-27T15:19:35 IST" depends-on-methods="testng.Grps1.login" duration-ms="1" status="PASS">
          <reporter-output>
          </reporter-output>
        </test-method> <!-- sendMail -->
      </class> <!-- testng.Grps1 -->
    </test> <!-- Default test -->
  </suite> <!-- Default suite -->
</testng-results>
